2022-02-23 15:45:09,919:INFO:Starting now with the calculation, please stand by...
2022-02-23 15:45:09,919:INFO:☢
2022-02-23 15:45:09,919:INFO:Analysis: Area per lipid & Thickness calculation
2022-02-23 15:45:14,975:INFO:--------------------------------------
2022-02-23 15:45:14,975:INFO:Analysis: Density maps
2022-02-23 15:45:16,988:INFO:--------------------------------------
2022-02-23 15:45:16,988:INFO:Analysis: Enrichment Analysis
2022-02-23 15:45:21,530:INFO:--------------------------------------
2022-02-23 15:45:21,530:INFO:Analysis: Diffusion movements
2022-02-23 15:45:23,951:INFO:--------------------------------------
2022-02-23 15:45:23,951:INFO:Analysis: Order Parameter
2022-02-23 15:45:23,953:INFO:Choosing frames to analyze
2022-02-23 15:45:23,953:INFO:Starting preparation
2022-02-23 15:45:23,971:INFO:Finishing up
2022-02-23 15:45:23,972:INFO:Choosing frames to analyze
2022-02-23 15:45:23,972:INFO:Starting preparation
2022-02-23 15:45:23,987:INFO:Finishing up
2022-02-23 15:45:23,988:INFO:Choosing frames to analyze
2022-02-23 15:45:23,989:INFO:Starting preparation
2022-02-23 15:45:24,004:INFO:Finishing up
2022-02-23 15:45:24,004:INFO:Choosing frames to analyze
2022-02-23 15:45:24,005:INFO:Starting preparation
2022-02-23 15:45:24,025:INFO:Finishing up
2022-02-23 15:45:24,026:INFO:Choosing frames to analyze
2022-02-23 15:45:24,026:INFO:Starting preparation
2022-02-23 15:45:24,055:INFO:Finishing up
2022-02-23 15:45:24,057:INFO:Choosing frames to analyze
2022-02-23 15:45:24,057:INFO:Starting preparation
2022-02-23 15:45:24,079:INFO:Finishing up
2022-02-23 15:45:24,080:INFO:Choosing frames to analyze
2022-02-23 15:45:24,080:INFO:Starting preparation
2022-02-23 15:45:24,100:INFO:Finishing up
2022-02-23 15:45:24,102:INFO:Choosing frames to analyze
2022-02-23 15:45:24,102:INFO:Starting preparation
2022-02-23 15:45:24,120:INFO:Finishing up
2022-02-23 15:45:24,120:INFO:Choosing frames to analyze
2022-02-23 15:45:24,121:INFO:Starting preparation
2022-02-23 15:45:24,138:INFO:Finishing up
2022-02-23 15:45:24,139:INFO:Choosing frames to analyze
2022-02-23 15:45:24,139:INFO:Starting preparation
2022-02-23 15:45:24,158:INFO:Finishing up
2022-02-23 15:45:24,159:INFO:Choosing frames to analyze
2022-02-23 15:45:24,159:INFO:Starting preparation
2022-02-23 15:45:24,177:INFO:Finishing up
2022-02-23 15:45:24,182:INFO:--------------------------------------
2022-02-23 16:55:20,379:INFO:Starting now with the calculation, please stand by...
2022-02-23 16:55:20,380:INFO:☢
2022-02-23 16:55:20,380:INFO:Analysis: Area per lipid & Thickness calculation
2022-02-23 16:55:25,674:INFO:--------------------------------------
2022-02-23 16:55:25,674:INFO:Analysis: Density maps
2022-02-23 16:55:27,431:INFO:--------------------------------------
2022-02-23 16:55:27,431:INFO:Analysis: Enrichment Analysis
2022-02-23 16:55:31,720:INFO:--------------------------------------
2022-02-23 16:55:31,720:INFO:Analysis: Diffusion movements
2022-02-23 16:55:34,115:INFO:--------------------------------------
2022-02-23 16:55:34,115:INFO:Analysis: Order Parameter
2022-02-23 16:55:34,117:INFO:Choosing frames to analyze
2022-02-23 16:55:34,117:INFO:Starting preparation
2022-02-23 16:55:34,144:INFO:Finishing up
2022-02-23 16:55:34,146:INFO:Choosing frames to analyze
2022-02-23 16:55:34,146:INFO:Starting preparation
2022-02-23 16:55:34,165:INFO:Finishing up
2022-02-23 16:55:34,166:INFO:Choosing frames to analyze
2022-02-23 16:55:34,166:INFO:Starting preparation
2022-02-23 16:55:34,189:INFO:Finishing up
2022-02-23 16:55:34,190:INFO:Choosing frames to analyze
2022-02-23 16:55:34,190:INFO:Starting preparation
2022-02-23 16:55:34,208:INFO:Finishing up
2022-02-23 16:55:34,210:INFO:Choosing frames to analyze
2022-02-23 16:55:34,210:INFO:Starting preparation
2022-02-23 16:55:34,225:INFO:Finishing up
2022-02-23 16:55:34,226:INFO:Choosing frames to analyze
2022-02-23 16:55:34,227:INFO:Starting preparation
2022-02-23 16:55:34,247:INFO:Finishing up
2022-02-23 16:55:34,248:INFO:Choosing frames to analyze
2022-02-23 16:55:34,248:INFO:Starting preparation
2022-02-23 16:55:34,267:INFO:Finishing up
2022-02-23 16:55:34,268:INFO:Choosing frames to analyze
2022-02-23 16:55:34,268:INFO:Starting preparation
2022-02-23 16:55:34,285:INFO:Finishing up
2022-02-23 16:55:34,286:INFO:Choosing frames to analyze
2022-02-23 16:55:34,286:INFO:Starting preparation
2022-02-23 16:55:34,304:INFO:Finishing up
2022-02-23 16:55:34,305:INFO:Choosing frames to analyze
2022-02-23 16:55:34,305:INFO:Starting preparation
2022-02-23 16:55:34,323:INFO:Finishing up
2022-02-23 16:55:34,324:INFO:Choosing frames to analyze
2022-02-23 16:55:34,324:INFO:Starting preparation
2022-02-23 16:55:34,343:INFO:Finishing up
2022-02-23 16:55:34,348:INFO:--------------------------------------
2022-03-09 13:19:01,916:INFO:Starting now with the calculation, please stand by...
2022-03-09 13:19:01,918:INFO:☢
2022-03-09 13:19:01,918:INFO:Analysis: Area per lipid & Thickness calculation
2022-03-09 13:19:10,277:INFO:--------------------------------------
2022-03-09 13:19:10,277:INFO:Analysis: Density maps
2022-03-09 13:19:10,677:INFO:--------------------------------------
2022-03-09 13:19:10,677:INFO:Analysis: Enrichment Analysis
2022-03-09 13:19:11,991:INFO:--------------------------------------
2022-03-09 13:19:11,991:INFO:Analysis: Diffusion movements
2022-03-09 13:19:14,535:INFO:--------------------------------------
2022-03-09 13:19:14,535:INFO:Analysis: Order Parameter
2022-03-09 13:19:14,539:INFO:Choosing frames to analyze
2022-03-09 13:19:14,539:INFO:Starting preparation
2022-03-09 13:19:14,559:INFO:Finishing up
2022-03-09 13:19:14,559:INFO:Choosing frames to analyze
2022-03-09 13:19:14,560:INFO:Starting preparation
2022-03-09 13:19:14,574:INFO:Finishing up
2022-03-09 13:19:14,575:INFO:Choosing frames to analyze
2022-03-09 13:19:14,575:INFO:Starting preparation
2022-03-09 13:19:14,592:INFO:Finishing up
2022-03-09 13:19:14,593:INFO:Choosing frames to analyze
2022-03-09 13:19:14,593:INFO:Starting preparation
2022-03-09 13:19:14,608:INFO:Finishing up
2022-03-09 13:19:14,610:INFO:Choosing frames to analyze
2022-03-09 13:19:14,610:INFO:Starting preparation
2022-03-09 13:19:14,626:INFO:Finishing up
2022-03-09 13:19:14,627:INFO:Choosing frames to analyze
2022-03-09 13:19:14,627:INFO:Starting preparation
2022-03-09 13:19:14,645:INFO:Finishing up
2022-03-09 13:19:14,646:INFO:Choosing frames to analyze
2022-03-09 13:19:14,646:INFO:Starting preparation
2022-03-09 13:19:14,666:INFO:Finishing up
2022-03-09 13:19:14,668:INFO:Choosing frames to analyze
2022-03-09 13:19:14,668:INFO:Starting preparation
2022-03-09 13:19:14,691:INFO:Finishing up
2022-03-09 13:19:14,692:INFO:Choosing frames to analyze
2022-03-09 13:19:14,692:INFO:Starting preparation
2022-03-09 13:19:14,714:INFO:Finishing up
2022-03-09 13:19:14,715:INFO:Choosing frames to analyze
2022-03-09 13:19:14,715:INFO:Starting preparation
2022-03-09 13:19:14,735:INFO:Finishing up
2022-03-09 13:19:14,737:INFO:Choosing frames to analyze
2022-03-09 13:19:14,737:INFO:Starting preparation
2022-03-09 13:19:14,755:INFO:Finishing up
2022-03-09 13:19:14,761:INFO:--------------------------------------
