2022-02-23 15:59:17,814:INFO:Starting now with the calculation, please stand by...
2022-02-23 15:59:17,814:INFO:☢
2022-02-23 15:59:17,814:INFO:Analysis: Area per lipid & Thickness calculation
2022-02-23 15:59:22,721:INFO:--------------------------------------
2022-02-23 15:59:22,721:INFO:Analysis: Density maps
2022-02-23 15:59:37,154:INFO:--------------------------------------
2022-02-23 15:59:37,154:INFO:Analysis: Enrichment Analysis
2022-02-23 16:00:19,439:INFO:--------------------------------------
2022-02-23 16:00:19,439:INFO:Analysis: Diffusion movements
2022-02-23 16:00:21,964:INFO:--------------------------------------
2022-02-23 16:00:21,964:INFO:Analysis: Order Parameter
2022-02-23 16:00:49,162:INFO:--------------------------------------
2022-02-23 17:02:24,527:INFO:Starting now with the calculation, please stand by...
2022-02-23 17:02:24,527:INFO:☢
2022-02-23 17:02:24,527:INFO:Analysis: Area per lipid & Thickness calculation
2022-02-23 17:02:29,055:INFO:--------------------------------------
2022-02-23 17:02:29,056:INFO:Analysis: Density maps
2022-02-23 17:02:42,186:INFO:--------------------------------------
2022-02-23 17:02:42,186:INFO:Analysis: Enrichment Analysis
2022-02-23 17:03:09,731:INFO:--------------------------------------
2022-02-23 17:03:09,731:INFO:Analysis: Diffusion movements
2022-02-23 17:03:11,372:INFO:--------------------------------------
2022-02-23 17:03:11,372:INFO:Analysis: Order Parameter
2022-02-23 17:03:32,000:INFO:--------------------------------------
2022-03-09 13:32:43,441:INFO:Starting now with the calculation, please stand by...
2022-03-09 13:32:43,443:INFO:☢
2022-03-09 13:32:43,443:INFO:Analysis: Area per lipid & Thickness calculation
2022-03-09 13:32:50,228:INFO:--------------------------------------
2022-03-09 13:32:50,229:INFO:Analysis: Density maps
2022-03-09 13:32:50,615:INFO:--------------------------------------
2022-03-09 13:32:50,616:INFO:Analysis: Enrichment Analysis
2022-03-09 13:32:51,562:INFO:--------------------------------------
2022-03-09 13:32:51,562:INFO:Analysis: Diffusion movements
2022-03-09 13:32:53,381:INFO:--------------------------------------
2022-03-09 13:32:53,381:INFO:Analysis: Order Parameter
2022-03-09 13:33:16,556:INFO:--------------------------------------
2022-10-17 17:05:32,498:INFO:Starting now with the calculation, please stand by...
2022-10-17 17:05:32,516:INFO:☢
2022-10-17 17:05:32,517:INFO:Analysis: Area per lipid & Thickness calculation
2022-10-17 17:05:37,414:INFO:--------------------------------------
2022-10-17 17:05:37,414:INFO:Analysis: Density maps
2022-10-17 17:05:37,835:INFO:--------------------------------------
2022-10-17 17:05:37,835:INFO:Analysis: Enrichment Analysis
2022-10-17 17:05:38,768:INFO:--------------------------------------
2022-10-17 17:05:38,768:INFO:Analysis: Diffusion movements
2022-10-17 17:05:41,307:INFO:--------------------------------------
2022-10-17 17:05:41,308:INFO:Analysis: Order Parameter
