2022-02-23 15:49:11,673:INFO:Starting now with the calculation, please stand by...
2022-02-23 15:49:11,673:INFO:☢
2022-02-23 15:49:11,673:INFO:Analysis: Area per lipid & Thickness calculation
2022-02-23 15:49:13,421:INFO:--------------------------------------
2022-02-23 15:49:13,421:INFO:Analysis: Density maps
2022-02-23 15:49:35,726:INFO:--------------------------------------
2022-02-23 15:49:35,726:INFO:Analysis: Enrichment Analysis
2022-02-23 15:50:30,613:INFO:--------------------------------------
2022-02-23 15:50:30,613:INFO:Analysis: Diffusion movements
2022-02-23 15:50:34,144:INFO:--------------------------------------
2022-02-23 15:50:34,144:INFO:Analysis: Order Parameter
2022-02-23 15:51:08,483:INFO:--------------------------------------
2022-02-23 16:58:27,833:INFO:Starting now with the calculation, please stand by
2022-02-23 16:58:27,833:INFO:☢
2022-02-23 16:58:27,833:INFO:Analysis: Area per lipid & Thickness calculation
2022-02-23 16:58:34,307:INFO:--------------------------------------
2022-02-23 16:58:34,307:INFO:Analysis: Density maps
2022-02-23 16:58:55,538:INFO:--------------------------------------
2022-02-23 16:58:55,538:INFO:Analysis: Diffusion movements
2022-02-23 16:58:58,872:INFO:--------------------------------------
2022-02-23 16:58:58,872:INFO:Analysis: Order Parameter
2022-02-23 16:59:29,092:INFO:--------------------------------------
2022-03-09 13:26:28,942:INFO:Starting now with the calculation, please stand by
2022-03-09 13:26:28,943:INFO:☢
2022-03-09 13:26:28,944:INFO:Analysis: Area per lipid & Thickness calculation
2022-03-09 13:26:38,744:INFO:--------------------------------------
2022-03-09 13:26:38,744:INFO:Analysis: Density maps
2022-03-09 13:26:39,266:INFO:--------------------------------------
2022-03-09 13:26:39,268:INFO:Analysis: Diffusion movements
2022-03-09 13:26:42,652:INFO:--------------------------------------
2022-03-09 13:26:42,652:INFO:Analysis: Order Parameter
2022-03-09 13:27:16,573:INFO:--------------------------------------
2022-10-06 17:59:10,498:INFO:Starting now with the calculation, please stand by
2022-10-06 17:59:10,518:INFO:☢
2022-10-06 17:59:10,518:INFO:Analysis: Area per lipid & Thickness calculation
2022-10-06 17:59:18,129:INFO:--------------------------------------
2022-10-06 17:59:18,129:INFO:Analysis: Density maps
2022-10-06 17:59:18,814:INFO:--------------------------------------
2022-10-06 17:59:18,814:INFO:Analysis: Diffusion movements
2022-10-06 17:59:23,565:INFO:--------------------------------------
2022-10-06 17:59:23,565:INFO:Analysis: Order Parameter
2022-10-12 13:26:49,734:INFO:Starting now with the calculation, please stand by
2022-10-12 13:26:49,738:INFO:☢
2022-10-12 13:26:49,739:INFO:Analysis: Area per lipid & Thickness calculation
2022-10-12 13:26:55,386:INFO:--------------------------------------
2022-10-12 13:26:55,386:INFO:Analysis: Density maps
2022-10-12 13:26:55,940:INFO:--------------------------------------
2022-10-12 13:26:55,940:INFO:Analysis: Diffusion movements
2022-10-12 13:26:59,999:INFO:--------------------------------------
2022-10-12 13:27:00,000:INFO:Analysis: Order Parameter
2022-10-12 13:29:23,302:INFO:Starting now with the calculation, please stand by
2022-10-12 13:29:23,302:INFO:☢
2022-10-12 13:29:23,302:INFO:Analysis: Area per lipid & Thickness calculation
2022-10-12 13:29:28,529:INFO:--------------------------------------
2022-10-12 13:29:28,529:INFO:Analysis: Density maps
2022-10-12 13:29:29,005:INFO:--------------------------------------
2022-10-12 13:29:29,005:INFO:Analysis: Diffusion movements
2022-10-12 13:29:32,857:INFO:--------------------------------------
2022-10-12 13:29:32,858:INFO:Analysis: Order Parameter
2022-10-12 13:30:03,955:INFO:--------------------------------------
2022-10-12 13:38:43,514:INFO:Starting now with the calculation, please stand by
2022-10-12 13:38:43,514:INFO:☢
2022-10-12 13:38:43,514:INFO:Analysis: Area per lipid & Thickness calculation
2022-10-12 13:38:48,762:INFO:--------------------------------------
2022-10-12 13:38:48,762:INFO:Analysis: Density maps
2022-10-12 13:38:49,275:INFO:--------------------------------------
2022-10-12 13:38:49,275:INFO:Analysis: Diffusion movements
2022-10-12 13:38:53,338:INFO:--------------------------------------
2022-10-12 13:38:53,338:INFO:Analysis: Order Parameter
2022-10-12 13:39:25,869:INFO:--------------------------------------
2022-10-12 13:55:50,828:INFO:Starting now with the calculation, please stand by
2022-10-12 13:55:50,828:INFO:☢
2022-10-12 13:55:50,828:INFO:Analysis: Area per lipid & Thickness calculation
2022-10-12 13:55:56,007:INFO:--------------------------------------
2022-10-12 13:55:56,007:INFO:Analysis: Density maps
2022-10-12 13:55:56,506:INFO:--------------------------------------
2022-10-12 13:55:56,506:INFO:Analysis: Diffusion movements
2022-10-12 13:56:00,558:INFO:--------------------------------------
2022-10-12 13:56:00,558:INFO:Analysis: Order Parameter
2022-10-12 13:56:32,610:INFO:--------------------------------------
2022-10-12 14:41:03,185:INFO:Starting now with the calculation, please stand by
2022-10-12 14:41:03,185:INFO:☢
2022-10-12 14:41:03,185:INFO:Analysis: Area per lipid & Thickness calculation
2022-10-12 14:41:08,504:INFO:--------------------------------------
2022-10-12 14:41:08,504:INFO:Analysis: Density maps
2022-10-12 14:41:09,004:INFO:--------------------------------------
2022-10-12 14:41:09,004:INFO:Analysis: Diffusion movements
2022-10-12 14:41:13,130:INFO:--------------------------------------
2022-10-12 14:41:13,131:INFO:Analysis: Order Parameter
2022-10-12 14:41:46,293:INFO:--------------------------------------
2022-10-12 15:33:10,012:INFO:Starting now with the calculation, please stand by
2022-10-12 15:33:10,012:INFO:☢
2022-10-12 15:33:10,012:INFO:Analysis: Area per lipid & Thickness calculation
2022-10-12 15:35:09,479:INFO:Starting now with the calculation, please stand by
2022-10-12 15:35:09,480:INFO:☢
2022-10-12 15:35:09,480:INFO:Analysis: Area per lipid & Thickness calculation
2022-10-12 15:36:20,321:INFO:Starting now with the calculation, please stand by
2022-10-12 15:36:20,322:INFO:☢
2022-10-12 15:36:20,322:INFO:Analysis: Area per lipid & Thickness calculation
2022-10-12 15:38:23,071:INFO:Starting now with the calculation, please stand by
2022-10-12 15:38:23,071:INFO:☢
2022-10-12 15:38:23,072:INFO:Analysis: Area per lipid & Thickness calculation
2022-10-12 15:38:28,439:INFO:--------------------------------------
2022-10-12 15:38:28,440:INFO:Analysis: Density maps
2022-10-12 15:38:28,945:INFO:--------------------------------------
2022-10-12 15:38:28,945:INFO:Analysis: Diffusion movements
2022-10-12 15:38:33,129:INFO:--------------------------------------
2022-10-12 15:38:33,129:INFO:Analysis: Order Parameter
2022-10-12 15:39:05,855:INFO:--------------------------------------
2022-10-12 16:06:45,491:INFO:Starting now with the calculation, please stand by
2022-10-12 16:06:45,491:INFO:☢
2022-10-12 16:06:45,491:INFO:Analysis: Area per lipid & Thickness calculation
2022-10-12 16:06:50,822:INFO:--------------------------------------
2022-10-12 16:06:50,822:INFO:Analysis: Density maps
2022-10-12 16:06:51,320:INFO:--------------------------------------
2022-10-12 16:06:51,321:INFO:Analysis: Diffusion movements
2022-10-12 16:06:55,653:INFO:--------------------------------------
2022-10-12 16:06:55,653:INFO:Analysis: Order Parameter
2022-10-12 16:07:33,533:INFO:--------------------------------------
2022-10-12 16:21:12,638:INFO:Starting now with the calculation, please stand by
2022-10-12 16:21:12,638:INFO:☢
2022-10-12 16:21:12,638:INFO:Analysis: Area per lipid & Thickness calculation
2022-10-12 16:21:17,859:INFO:--------------------------------------
2022-10-12 16:21:17,860:INFO:Analysis: Density maps
2022-10-12 16:21:18,363:INFO:--------------------------------------
2022-10-12 16:21:18,363:INFO:Analysis: Diffusion movements
2022-10-12 16:21:22,455:INFO:--------------------------------------
2022-10-12 16:21:22,455:INFO:Analysis: Order Parameter
2022-10-13 17:54:33,633:INFO:Starting now with the calculation, please stand by
2022-10-13 17:54:33,644:INFO:☢
2022-10-13 17:54:33,644:INFO:Analysis: Area per lipid & Thickness calculation
2022-10-13 17:58:04,460:INFO:Starting now with the calculation, please stand by
2022-10-13 17:58:04,461:INFO:☢
2022-10-13 17:58:04,461:INFO:Analysis: Area per lipid & Thickness calculation
2022-10-13 18:00:58,968:INFO:Starting now with the calculation, please stand by
2022-10-13 18:00:58,968:INFO:☢
2022-10-13 18:00:58,968:INFO:Analysis: Area per lipid & Thickness calculation
2022-10-13 18:04:20,604:INFO:Starting now with the calculation, please stand by
2022-10-13 18:04:20,604:INFO:☢
2022-10-13 18:04:20,604:INFO:Analysis: Area per lipid & Thickness calculation
2022-10-14 10:21:38,691:INFO:Starting now with the calculation, please stand by
2022-10-14 10:21:38,691:INFO:☢
2022-10-14 10:21:38,692:INFO:Analysis: Area per lipid & Thickness calculation
2022-10-14 10:26:56,719:INFO:Starting now with the calculation, please stand by
2022-10-14 10:26:56,719:INFO:☢
2022-10-14 10:26:56,719:INFO:Analysis: Area per lipid & Thickness calculation
2022-10-14 10:30:36,161:INFO:Starting now with the calculation, please stand by
2022-10-14 10:30:36,161:INFO:☢
2022-10-14 10:30:36,161:INFO:Analysis: Area per lipid & Thickness calculation
2022-10-14 10:48:36,422:INFO:Starting now with the calculation, please stand by
2022-10-14 10:48:36,422:INFO:☢
2022-10-14 10:48:36,422:INFO:Analysis: Area per lipid & Thickness calculation
2022-10-14 11:03:37,346:INFO:Starting now with the calculation, please stand by
2022-10-14 11:03:37,346:INFO:☢
2022-10-14 11:03:37,346:INFO:Analysis: Area per lipid & Thickness calculation
2022-10-14 11:09:10,542:INFO:Starting now with the calculation, please stand by
2022-10-14 11:09:10,543:INFO:☢
2022-10-14 11:09:10,543:INFO:Analysis: Area per lipid & Thickness calculation
2022-10-14 11:12:46,159:INFO:Starting now with the calculation, please stand by
2022-10-14 11:12:46,159:INFO:☢
2022-10-14 11:12:46,159:INFO:Analysis: Area per lipid & Thickness calculation
2022-10-14 11:15:07,340:INFO:Starting now with the calculation, please stand by
2022-10-14 11:15:07,341:INFO:☢
2022-10-14 11:15:07,341:INFO:Analysis: Area per lipid & Thickness calculation
2022-10-14 11:21:03,984:INFO:Starting now with the calculation, please stand by
2022-10-14 11:21:03,984:INFO:☢
2022-10-14 11:21:03,984:INFO:Analysis: Area per lipid & Thickness calculation
2022-10-14 11:21:52,716:INFO:Starting now with the calculation, please stand by
2022-10-14 11:21:52,716:INFO:☢
2022-10-14 11:21:52,716:INFO:Analysis: Area per lipid & Thickness calculation
2022-10-14 11:26:53,603:INFO:Starting now with the calculation, please stand by
2022-10-14 11:26:53,604:INFO:☢
2022-10-14 11:26:53,604:INFO:Analysis: Area per lipid & Thickness calculation
2022-10-14 11:31:05,820:INFO:Starting now with the calculation, please stand by
2022-10-14 11:31:05,820:INFO:☢
2022-10-14 11:31:05,820:INFO:Analysis: Area per lipid & Thickness calculation
2022-10-14 11:32:19,778:INFO:Starting now with the calculation, please stand by
2022-10-14 11:32:19,778:INFO:☢
2022-10-14 11:32:19,778:INFO:Analysis: Area per lipid & Thickness calculation
2022-10-14 11:33:22,541:INFO:Starting now with the calculation, please stand by
2022-10-14 11:33:22,541:INFO:☢
2022-10-14 11:33:22,541:INFO:Analysis: Area per lipid & Thickness calculation
2022-10-14 11:35:32,533:INFO:Starting now with the calculation, please stand by
2022-10-14 11:35:32,533:INFO:☢
2022-10-14 11:35:32,533:INFO:Analysis: Area per lipid & Thickness calculation
2022-10-14 11:37:30,427:INFO:Starting now with the calculation, please stand by
2022-10-14 11:37:30,428:INFO:☢
2022-10-14 11:37:30,428:INFO:Analysis: Area per lipid & Thickness calculation
2022-10-14 11:45:51,089:INFO:Starting now with the calculation, please stand by
2022-10-14 11:45:51,089:INFO:☢
2022-10-14 11:45:51,090:INFO:Analysis: Area per lipid & Thickness calculation
2022-10-14 11:58:33,260:INFO:Starting now with the calculation, please stand by
2022-10-14 11:58:33,260:INFO:☢
2022-10-14 11:58:33,260:INFO:Analysis: Area per lipid & Thickness calculation
2022-10-14 11:58:48,861:INFO:--------------------------------------
2022-10-14 11:58:48,861:INFO:Analysis: Density maps
2022-10-14 11:58:49,695:INFO:--------------------------------------
2022-10-14 11:58:49,695:INFO:Analysis: Diffusion movements
2022-10-14 11:58:56,451:INFO:--------------------------------------
2022-10-14 11:58:56,452:INFO:Analysis: Order Parameter
2022-10-14 12:00:55,835:INFO:Starting now with the calculation, please stand by
2022-10-14 12:00:55,835:INFO:☢
2022-10-14 12:00:55,836:INFO:Analysis: Area per lipid & Thickness calculation
2022-10-14 12:01:07,442:INFO:--------------------------------------
2022-10-14 12:01:07,442:INFO:Analysis: Density maps
2022-10-14 12:01:08,185:INFO:--------------------------------------
2022-10-14 12:01:08,186:INFO:Analysis: Diffusion movements
2022-10-14 12:01:12,773:INFO:--------------------------------------
2022-10-14 12:01:12,773:INFO:Analysis: Order Parameter
2022-10-14 12:10:19,831:INFO:Starting now with the calculation, please stand by
2022-10-14 12:10:19,831:INFO:☢
2022-10-14 12:10:19,831:INFO:Analysis: Area per lipid & Thickness calculation
2022-10-14 12:13:42,490:INFO:Starting now with the calculation, please stand by
2022-10-14 12:13:42,490:INFO:☢
2022-10-14 12:13:42,490:INFO:Analysis: Area per lipid & Thickness calculation
2022-10-14 12:13:53,170:INFO:--------------------------------------
2022-10-14 12:13:53,171:INFO:Analysis: Density maps
2022-10-14 12:13:53,932:INFO:--------------------------------------
2022-10-14 12:13:53,932:INFO:Analysis: Diffusion movements
2022-10-14 12:13:58,454:INFO:--------------------------------------
2022-10-14 12:13:58,455:INFO:Analysis: Order Parameter
2022-10-14 12:21:25,354:INFO:Starting now with the calculation, please stand by
2022-10-14 12:21:25,355:INFO:☢
2022-10-14 12:21:25,355:INFO:Analysis: Area per lipid & Thickness calculation
2022-10-14 12:21:39,424:INFO:--------------------------------------
2022-10-14 12:21:39,424:INFO:Analysis: Density maps
2022-10-14 12:21:40,232:INFO:--------------------------------------
2022-10-14 12:21:40,232:INFO:Analysis: Diffusion movements
2022-10-14 12:21:47,521:INFO:--------------------------------------
2022-10-14 12:21:47,521:INFO:Analysis: Order Parameter
2022-10-14 12:30:58,108:INFO:Starting now with the calculation, please stand by
2022-10-14 12:30:58,108:INFO:☢
2022-10-14 12:30:58,108:INFO:Analysis: Area per lipid & Thickness calculation
2022-10-14 12:31:08,650:INFO:--------------------------------------
2022-10-14 12:31:08,651:INFO:Analysis: Density maps
2022-10-14 12:31:09,414:INFO:--------------------------------------
2022-10-14 12:31:09,414:INFO:Analysis: Diffusion movements
2022-10-14 12:31:13,979:INFO:--------------------------------------
2022-10-14 12:31:13,980:INFO:Analysis: Order Parameter
2022-10-14 12:35:39,105:INFO:Starting now with the calculation, please stand by
2022-10-14 12:35:39,105:INFO:☢
2022-10-14 12:35:39,105:INFO:Analysis: Area per lipid & Thickness calculation
2022-10-14 12:35:50,659:INFO:--------------------------------------
2022-10-14 12:35:50,660:INFO:Analysis: Density maps
2022-10-14 12:35:51,472:INFO:--------------------------------------
2022-10-14 12:35:51,473:INFO:Analysis: Diffusion movements
2022-10-14 12:35:56,059:INFO:--------------------------------------
2022-10-14 12:35:56,060:INFO:Analysis: Order Parameter
2022-10-14 12:42:00,461:INFO:Starting now with the calculation, please stand by
2022-10-14 12:42:00,462:INFO:☢
2022-10-14 12:42:00,462:INFO:Analysis: Area per lipid & Thickness calculation
2022-10-14 12:42:10,101:INFO:--------------------------------------
2022-10-14 12:42:10,101:INFO:Analysis: Density maps
2022-10-14 12:42:10,855:INFO:--------------------------------------
2022-10-14 12:42:10,856:INFO:Analysis: Diffusion movements
2022-10-14 12:42:15,323:INFO:--------------------------------------
2022-10-14 12:42:15,323:INFO:Analysis: Order Parameter
2022-10-14 12:44:08,266:INFO:Starting now with the calculation, please stand by
2022-10-14 12:44:08,266:INFO:☢
2022-10-14 12:44:08,266:INFO:Analysis: Area per lipid & Thickness calculation
2022-10-14 12:45:54,116:INFO:Starting now with the calculation, please stand by
2022-10-14 12:45:54,116:INFO:☢
2022-10-14 12:45:54,116:INFO:Analysis: Area per lipid & Thickness calculation
2022-10-14 12:46:04,937:INFO:--------------------------------------
2022-10-14 12:46:04,937:INFO:Analysis: Density maps
2022-10-14 12:46:05,738:INFO:--------------------------------------
2022-10-14 12:46:05,738:INFO:Analysis: Diffusion movements
2022-10-14 12:46:12,383:INFO:--------------------------------------
2022-10-14 12:46:12,383:INFO:Analysis: Order Parameter
2022-10-14 12:50:16,275:INFO:Starting now with the calculation, please stand by
2022-10-14 12:50:16,275:INFO:☢
2022-10-14 12:50:16,275:INFO:Analysis: Area per lipid & Thickness calculation
2022-10-14 12:50:25,707:INFO:--------------------------------------
2022-10-14 12:50:25,707:INFO:Analysis: Density maps
2022-10-14 12:50:26,499:INFO:--------------------------------------
2022-10-14 12:50:26,499:INFO:Analysis: Diffusion movements
2022-10-14 12:50:30,916:INFO:--------------------------------------
2022-10-14 12:50:30,916:INFO:Analysis: Order Parameter
2022-10-17 16:48:07,869:INFO:Starting now with the calculation, please stand by
2022-10-17 16:48:07,902:INFO:☢
2022-10-17 16:48:07,902:INFO:Analysis: Area per lipid & Thickness calculation
2022-10-17 16:48:16,126:INFO:--------------------------------------
2022-10-17 16:48:16,127:INFO:Analysis: Density maps
2022-10-17 16:48:16,800:INFO:--------------------------------------
2022-10-17 16:48:16,800:INFO:Analysis: Diffusion movements
2022-10-17 16:48:21,035:INFO:--------------------------------------
2022-10-17 16:48:21,036:INFO:Analysis: Order Parameter
2022-10-17 16:48:53,666:INFO:--------------------------------------
2022-10-17 16:56:48,779:INFO:Starting now with the calculation, please stand by
2022-10-17 16:56:48,779:INFO:☢
2022-10-17 16:56:48,780:INFO:Analysis: Area per lipid & Thickness calculation
2022-10-17 16:56:55,742:INFO:--------------------------------------
2022-10-17 16:56:55,742:INFO:Analysis: Density maps
2022-10-17 16:56:56,260:INFO:--------------------------------------
2022-10-17 16:56:56,260:INFO:Analysis: Diffusion movements
2022-10-17 16:57:00,223:INFO:--------------------------------------
2022-10-17 16:57:00,223:INFO:Analysis: Order Parameter
2022-10-17 17:00:46,733:INFO:Starting now with the calculation, please stand by
2022-10-17 17:00:46,733:INFO:☢
2022-10-17 17:00:46,733:INFO:Analysis: Area per lipid & Thickness calculation
2022-10-17 17:00:53,420:INFO:--------------------------------------
2022-10-17 17:00:53,420:INFO:Analysis: Density maps
2022-10-17 17:00:53,927:INFO:--------------------------------------
2022-10-17 17:00:53,927:INFO:Analysis: Diffusion movements
2022-10-17 17:00:58,512:INFO:--------------------------------------
2022-10-17 17:00:58,513:INFO:Analysis: Order Parameter
2022-10-17 17:01:34,835:INFO:--------------------------------------
